Using pre-set license
Built from '2022.3/staging' branch; Version is '2022.3.19f1 (244b723c30a6) revision 2378610'; Using compiler version '192829333'; Build Type 'Release'
OS: 'Windows 11  (10.0.22631) 64bit Professional' Language: 'ru' Physical Memory: 14020 MB
BatchMode: 1, IsHumanControllingUs: 0, StartBugReporterOnCrash: 0, Is64bit: 1, IsPro: 1

COMMAND LINE ARGUMENTS:
C:\Program Files\Unity\Hub\Editor\2022.3.19f1\Editor\Unity.exe
-adb2
-batchMode
-noUpm
-name
AssetImportWorker4
-projectPath
C:/Github/Project-Mayhem-Tyler-s-Revolt-main/Project Myhem
-logFile
Logs/AssetImportWorker4.log
-srvPort
51980
Successfully changed project path to: C:/Github/Project-Mayhem-Tyler-s-Revolt-main/Project Myhem
C:/Github/Project-Mayhem-Tyler-s-Revolt-main/Project Myhem
[UnityMemory] Configuration Parameters - Can be set up in boot.config
    "memorysetup-bucket-allocator-granularity=16"
    "memorysetup-bucket-allocator-bucket-count=8"
    "memorysetup-bucket-allocator-block-size=33554432"
    "memorysetup-bucket-allocator-block-count=8"
    "memorysetup-main-allocator-block-size=16777216"
    "memorysetup-thread-allocator-block-size=16777216"
    "memorysetup-gfx-main-allocator-block-size=16777216"
    "memorysetup-gfx-thread-allocator-block-size=16777216"
    "memorysetup-cache-allocator-block-size=4194304"
    "memorysetup-typetree-allocator-block-size=2097152"
    "memorysetup-profiler-bucket-allocator-granularity=16"
    "memorysetup-profiler-bucket-allocator-bucket-count=8"
    "memorysetup-profiler-bucket-allocator-block-size=33554432"
    "memorysetup-profiler-bucket-allocator-block-count=8"
    "memorysetup-profiler-allocator-block-size=16777216"
    "memorysetup-profiler-editor-allocator-block-size=1048576"
    "memorysetup-temp-allocator-size-main=16777216"
    "memorysetup-job-temp-allocator-block-size=2097152"
    "memorysetup-job-temp-allocator-block-size-background=1048576"
    "memorysetup-job-temp-allocator-reduction-small-platforms=262144"
    "memorysetup-allocator-temp-initial-block-size-main=262144"
    "memorysetup-allocator-temp-initial-block-size-worker=262144"
    "memorysetup-temp-allocator-size-background-worker=32768"
    "memorysetup-temp-allocator-size-job-worker=262144"
    "memorysetup-temp-allocator-size-preload-manager=33554432"
    "memorysetup-temp-allocator-size-nav-mesh-worker=65536"
    "memorysetup-temp-allocator-size-audio-worker=65536"
    "memorysetup-temp-allocator-size-cloud-worker=32768"
    "memorysetup-temp-allocator-size-gi-baking-worker=262144"
    "memorysetup-temp-allocator-size-gfx=262144"
Player connection [53176] Host "[IP] 192.168.66.105 [Port] 0 [Flags] 2 [Guid] 2752356721 [EditorId] 2752356721 [Version] 1048832 [Id] WindowsEditor(7,DESKTOP-61PMAD2) [Debug] 1 [PackageName] WindowsEditor [ProjectName] Editor" joined multi-casting on [225.0.0.222:54997]...

Player connection [53176] Host "[IP] 192.168.66.105 [Port] 0 [Flags] 2 [Guid] 2752356721 [EditorId] 2752356721 [Version] 1048832 [Id] WindowsEditor(7,DESKTOP-61PMAD2) [Debug] 1 [PackageName] WindowsEditor [ProjectName] Editor" joined alternative multi-casting on [225.0.0.222:34997]...

[Physics::Module] Initialized MultithreadedJobDispatcher with 15 workers.
Refreshing native plugins compatible for Editor in 4.55 ms, found 3 plugins.
Preloading 0 native plugins for Editor in 0.00 ms.
Initialize engine version: 2022.3.19f1 (244b723c30a6)
[Subsystems] Discovering subsystems at path C:/Program Files/Unity/Hub/Editor/2022.3.19f1/Editor/Data/Resources/UnitySubsystems
[Subsystems] Discovering subsystems at path C:/Github/Project-Mayhem-Tyler-s-Revolt-main/Project Myhem/Assets
GfxDevice: creating device client; threaded=0; jobified=0
Direct3D:
    Version:  Direct3D 11.0 [level 11.1]
    Renderer: AMD Radeon 780M Graphics (ID=0x15bf)
    Vendor:   ATI
    VRAM:     7010 MB
    Driver:   31.0.24027.1012
Initialize mono
Mono path[0] = 'C:/Program Files/Unity/Hub/Editor/2022.3.19f1/Editor/Data/Managed'
Mono path[1] = 'C:/Program Files/Unity/Hub/Editor/2022.3.19f1/Editor/Data/MonoBleedingEdge/lib/mono/unityjit-win32'
Mono config path = 'C:/Program Files/Unity/Hub/Editor/2022.3.19f1/Editor/Data/MonoBleedingEdge/etc'
Using monoOptions --debugger-agent=transport=dt_socket,embedding=1,server=y,suspend=n,address=127.0.0.1:56868
Begin MonoManager ReloadAssembly
Registering precompiled unity dll's ...
Register platform support module: C:/Program Files/Unity/Hub/Editor/2022.3.19f1/Editor/Data/PlaybackEngines/WindowsStandaloneSupport/UnityEditor.WindowsStandalone.Extensions.dll
Registered in 0.004079 seconds.
- Loaded All Assemblies, in  0.387 seconds
Native extension for WindowsStandalone target not found
Mono: successfully reloaded assembly
- Finished resetting the current domain, in  0.246 seconds
Domain Reload Profiling: 632ms
	BeginReloadAssembly (98ms)
		ExecutionOrderSort (0ms)
		DisableScriptedObjects (0ms)
		BackupInstance (0ms)
		ReleaseScriptingObjects (0ms)
		CreateAndSetChildDomain (1ms)
	RebuildCommonClasses (67ms)
	RebuildNativeTypeToScriptingClass (10ms)
	initialDomainReloadingComplete (76ms)
	LoadAllAssembliesAndSetupDomain (134ms)
		LoadAssemblies (98ms)
		RebuildTransferFunctionScriptingTraits (0ms)
		AnalyzeDomain (130ms)
			TypeCache.Refresh (128ms)
				TypeCache.ScanAssembly (104ms)
			ScanForSourceGeneratedMonoScriptInfo (0ms)
			ResolveRequiredComponents (1ms)
	FinalizeReload (247ms)
		ReleaseScriptCaches (0ms)
		RebuildScriptCaches (0ms)
		SetupLoadedEditorAssemblies (197ms)
			LogAssemblyErrors (0ms)
			InitializePlatformSupportModulesInManaged (7ms)
			SetLoadedEditorAssemblies (7ms)
			RefreshPlugins (0ms)
			BeforeProcessingInitializeOnLoad (2ms)
			ProcessInitializeOnLoadAttributes (146ms)
			ProcessInitializeOnLoadMethodAttributes (34ms)
			AfterProcessingInitializeOnLoad (0ms)
			EditorAssembliesLoaded (0ms)
		ExecutionOrderSort2 (0ms)
		AwakeInstancesAfterBackupRestoration (0ms)
========================================================================
Worker process is ready to serve import requests
Begin MonoManager ReloadAssembly
- Loaded All Assemblies, in  0.377 seconds
Refreshing native plugins compatible for Editor in 3.95 ms, found 3 plugins.
Native extension for WindowsStandalone target not found
Package Manager log level set to [2]
[Package Manager] Server::EnsureServerProcessIsRunning -- launch failed, reason: Unity was launched with the -noUpm command-line argument
[Package Manager] UpmClient::Send -- Unable to send message (not connected to UPM process).
[Package Manager] Cannot connect to Unity Package Manager local server
Mono: successfully reloaded assembly
- Finished resetting the current domain, in  0.469 seconds
Domain Reload Profiling: 845ms
	BeginReloadAssembly (93ms)
		ExecutionOrderSort (0ms)
		DisableScriptedObjects (3ms)
		BackupInstance (0ms)
		ReleaseScriptingObjects (0ms)
		CreateAndSetChildDomain (18ms)
	RebuildCommonClasses (20ms)
	RebuildNativeTypeToScriptingClass (7ms)
	initialDomainReloadingComplete (24ms)
	LoadAllAssembliesAndSetupDomain (231ms)
		LoadAssemblies (172ms)
		RebuildTransferFunctionScriptingTraits (0ms)
		AnalyzeDomain (107ms)
			TypeCache.Refresh (93ms)
				TypeCache.ScanAssembly (85ms)
			ScanForSourceGeneratedMonoScriptInfo (10ms)
			ResolveRequiredComponents (3ms)
	FinalizeReload (469ms)
		ReleaseScriptCaches (0ms)
		RebuildScriptCaches (0ms)
		SetupLoadedEditorAssemblies (373ms)
			LogAssemblyErrors (0ms)
			InitializePlatformSupportModulesInManaged (3ms)
			SetLoadedEditorAssemblies (3ms)
			RefreshPlugins (0ms)
			BeforeProcessingInitializeOnLoad (38ms)
			ProcessInitializeOnLoadAttributes (313ms)
			ProcessInitializeOnLoadMethodAttributes (12ms)
			AfterProcessingInitializeOnLoad (3ms)
			EditorAssembliesLoaded (0ms)
		ExecutionOrderSort2 (0ms)
		AwakeInstancesAfterBackupRestoration (4ms)
Launched and connected shader compiler UnityShaderCompiler.exe after 0.05 seconds
Refreshing native plugins compatible for Editor in 1.46 ms, found 3 plugins.
Preloading 0 native plugins for Editor in 0.00 ms.
Unloading 3215 Unused Serialized files (Serialized files now loaded: 0)
Unloading 31 unused Assets / (29.7 KB). Loaded Objects now: 3697.
Memory consumption went from 144.3 MB to 144.3 MB.
Total: 4.881500 ms (FindLiveObjects: 1.081400 ms CreateObjectMapping: 0.423400 ms MarkObjects: 3.295900 ms  DeleteObjects: 0.076700 ms)

AssetImportParameters requested are different than current active one (requested -> active):
  custom:container-demuxer-ogg: 62fdf1f143b41e24485cea50d1cbac27 -> 
  custom:video-codec-MediaFoundation-h265: 746d11721c4dcdbdad8f713fa42b33f4 -> 
  custom:video-decoder-ogg-theora: a1e56fd34408186e4bbccfd4996cb3dc -> 
  custom:framework-win-MediaFoundation: 216162199b28c13a410421893ffa2e32 -> 
  custom:CustomObjectIndexerAttribute: 6d391050e5a25f67b0a2c618074f2cd9 -> 
  custom:container-demuxer-webm: 4f35f7cbe854078d1ac9338744f61a02 -> 
  custom:container-muxer-webm: aa71ff27fc2769a1b78a27578f13a17b -> 
  custom:video-decoder-webm-vp8: 9c59270c3fd7afecdb556c50c9e8de78 -> 
  custom:SearchIndexIgnoredProperties: e643bd26f0fe6173181afceb89e7c659 -> 
  custom:AudioImporter_EditorPlatform: d09bf68614088b80899f8185d706f6e7 -> 
  custom:video-encoder-webm-vp8: eb34c28f22e8b96e1ab97ce403110664 -> 
  custom:audio-decoder-ogg-vorbis: bf7c407c2cedff20999df2af8eb42d56 -> 
  custom:audio-encoder-webm-vorbis: bf7c407c2cedff20999df2af8eb42d56 -> 
========================================================================
Received Import Request.
  Time since last request: 94789.341318 seconds.
  path: Assets/Footsteps - Essentials/Footsteps_Gravel/Footsteps_Gravel_Run/Footsteps_Gravel_Run_01.wav
  artifactKey: Guid(44737e645aa918043b3d8cab5d1511bc) Importer(815301076,1909f56bfc062723c751e8b465ee728b)
Start importing Assets/Footsteps - Essentials/Footsteps_Gravel/Footsteps_Gravel_Run/Footsteps_Gravel_Run_01.wav using Guid(44737e645aa918043b3d8cab5d1511bc) Importer(815301076,1909f56bfc062723c751e8b465ee728b)  -> (artifact id: '4eb3496fa58ac6249c3685c60be19ca4') in 0.136635 seconds
Number of updated asset objects reloaded before import = 0
Number of asset objects unloaded after import = 2
========================================================================
Received Import Request.
  Time since last request: 16.684240 seconds.
  path: Assets/moderls/Hand
  artifactKey: Guid(ae352fd9292757c4fb66f246edfeaf97) Importer(815301076,1909f56bfc062723c751e8b465ee728b)
Start importing Assets/moderls/Hand using Guid(ae352fd9292757c4fb66f246edfeaf97) Importer(815301076,1909f56bfc062723c751e8b465ee728b)  -> (artifact id: '08391dc94be5878b2a662fe5b6e06c03') in 0.000700 seconds
Number of updated asset objects reloaded before import = 0
Number of asset objects unloaded after import = 0
========================================================================
Received Import Request.
  Time since last request: 1.033261 seconds.
  path: Assets/moderls/Hand/source
  artifactKey: Guid(f14bf18c6f6f0ab4e8179d4139eedc3a) Importer(815301076,1909f56bfc062723c751e8b465ee728b)
Start importing Assets/moderls/Hand/source using Guid(f14bf18c6f6f0ab4e8179d4139eedc3a) Importer(815301076,1909f56bfc062723c751e8b465ee728b)  -> (artifact id: '7f86c2a0f268d0f41605a567f71ddf95') in 0.000660 seconds
Number of updated asset objects reloaded before import = 0
Number of asset objects unloaded after import = 0
========================================================================
Received Import Request.
  Time since last request: 3.612967 seconds.
  path: Assets/moderls/pistol
  artifactKey: Guid(d3bb0ccfe831ab149b78cc699ad68be3) Importer(815301076,1909f56bfc062723c751e8b465ee728b)
Start importing Assets/moderls/pistol using Guid(d3bb0ccfe831ab149b78cc699ad68be3) Importer(815301076,1909f56bfc062723c751e8b465ee728b)  -> (artifact id: '5ca82c32404f8f40cbeff508986dd515') in 0.000654 seconds
Number of updated asset objects reloaded before import = 0
Number of asset objects unloaded after import = 0
========================================================================
Received Import Request.
  Time since last request: 2.044710 seconds.
  path: Assets/moderls/pistol/textures
  artifactKey: Guid(b8e3c9acfe48fe44bb5eacdc486e6536) Importer(815301076,1909f56bfc062723c751e8b465ee728b)
Start importing Assets/moderls/pistol/textures using Guid(b8e3c9acfe48fe44bb5eacdc486e6536) Importer(815301076,1909f56bfc062723c751e8b465ee728b)  -> (artifact id: '77f8076851cb4095d16901ed30f8a3d9') in 0.000703 seconds
Number of updated asset objects reloaded before import = 0
Number of asset objects unloaded after import = 0
========================================================================
Received Import Request.
  Time since last request: 54.164228 seconds.
  path: Assets/prefabe/Банка.prefab
  artifactKey: Guid(b51c6271f633577448af59a0128e1816) Importer(815301076,1909f56bfc062723c751e8b465ee728b)
Start importing Assets/prefabe/Банка.prefab using Guid(b51c6271f633577448af59a0128e1816) Importer(815301076,1909f56bfc062723c751e8b465ee728b)  -> (artifact id: '25812f0aabf6a0a4df16de6af6dd5ca9') in 0.080248 seconds
Number of updated asset objects reloaded before import = 0
Number of asset objects unloaded after import = 9
========================================================================
Received Import Request.
  Time since last request: 26.179862 seconds.
  path: Assets/Scene/Menu.unity
  artifactKey: Guid(d11da95ab4a71d545abcf03b8c798dc6) Importer(815301076,1909f56bfc062723c751e8b465ee728b)
Start importing Assets/Scene/Menu.unity using Guid(d11da95ab4a71d545abcf03b8c798dc6) Importer(815301076,1909f56bfc062723c751e8b465ee728b)  -> (artifact id: '92fbf23a701d5e1dc1709ee476e8626f') in 0.025509 seconds
Number of updated asset objects reloaded before import = 0
Number of asset objects unloaded after import = 0
========================================================================
Received Import Request.
  Time since last request: 22.632276 seconds.
  path: Assets/Scene/Loading.unity
  artifactKey: Guid(ff6d992686c835c44878094d505c7401) Importer(815301076,1909f56bfc062723c751e8b465ee728b)
Start importing Assets/Scene/Loading.unity using Guid(ff6d992686c835c44878094d505c7401) Importer(815301076,1909f56bfc062723c751e8b465ee728b)  -> (artifact id: 'e8fb1474068897f3813359bbad341bce') in 0.002070 seconds
Number of updated asset objects reloaded before import = 0
Number of asset objects unloaded after import = 0
========================================================================
Received Import Request.
  Time since last request: 32.982755 seconds.
  path: Assets/Scene/1 Level.unity
  artifactKey: Guid(9fc0d4010bbf28b4594072e72b8655ab) Importer(815301076,1909f56bfc062723c751e8b465ee728b)
Start importing Assets/Scene/1 Level.unity using Guid(9fc0d4010bbf28b4594072e72b8655ab) Importer(815301076,1909f56bfc062723c751e8b465ee728b)  -> (artifact id: '721286cea5e1615c05cba55becf169fd') in 0.000787 seconds
Number of updated asset objects reloaded before import = 0
Number of asset objects unloaded after import = 0
========================================================================
Received Import Request.
  Time since last request: 2.463092 seconds.
  path: Assets/Scene/1 Level
  artifactKey: Guid(1e7d6732a10781a4cbccd4b1ec00220b) Importer(815301076,1909f56bfc062723c751e8b465ee728b)
Start importing Assets/Scene/1 Level using Guid(1e7d6732a10781a4cbccd4b1ec00220b) Importer(815301076,1909f56bfc062723c751e8b465ee728b)  -> (artifact id: '518fd1048767a46a97011ad945820119') in 0.000659 seconds
Number of updated asset objects reloaded before import = 0
Number of asset objects unloaded after import = 0
========================================================================
Received Import Request.
  Time since last request: 0.118567 seconds.
  path: Assets/Scene/1 Level/NavMesh-NavMesh Surface 1.asset
  artifactKey: Guid(b826ae7881e1f45478d77d7e062f9128) Importer(815301076,1909f56bfc062723c751e8b465ee728b)
Start importing Assets/Scene/1 Level/NavMesh-NavMesh Surface 1.asset using Guid(b826ae7881e1f45478d77d7e062f9128) Importer(815301076,1909f56bfc062723c751e8b465ee728b)  -> (artifact id: '5ef6fea2aa50a57adcf46015eff64c35') in 0.001265 seconds
Number of updated asset objects reloaded before import = 0
Number of asset objects unloaded after import = 1
========================================================================
Received Import Request.
  Time since last request: 0.004440 seconds.
  path: Assets/Scene/1 Level/NavMesh-NavMesh Surface 2.asset
  artifactKey: Guid(6c341a36d050e8541b6a1de50c762bdb) Importer(815301076,1909f56bfc062723c751e8b465ee728b)
Start importing Assets/Scene/1 Level/NavMesh-NavMesh Surface 2.asset using Guid(6c341a36d050e8541b6a1de50c762bdb) Importer(815301076,1909f56bfc062723c751e8b465ee728b)  -> (artifact id: '05f8d418255dd51bd6d297033b2ea37f') in 0.001138 seconds
Number of updated asset objects reloaded before import = 0
Number of asset objects unloaded after import = 1
========================================================================
Received Import Request.
  Time since last request: 0.004141 seconds.
  path: Assets/Scene/1 Level/NavMesh-NavMesh Surface 3.asset
  artifactKey: Guid(4b6d0597a1e8ae4469ec7fad260f15bf) Importer(815301076,1909f56bfc062723c751e8b465ee728b)
Start importing Assets/Scene/1 Level/NavMesh-NavMesh Surface 3.asset using Guid(4b6d0597a1e8ae4469ec7fad260f15bf) Importer(815301076,1909f56bfc062723c751e8b465ee728b)  -> (artifact id: '7f624c07edbe7d9f8ae3e4caf711bec0') in 0.001071 seconds
Number of updated asset objects reloaded before import = 0
Number of asset objects unloaded after import = 1
========================================================================
Received Import Request.
  Time since last request: 0.004240 seconds.
  path: Assets/Scene/1 Level/NavMesh-NavMesh Surface 4.asset
  artifactKey: Guid(b97852b19d2adaf4fba07a4cc3b80bc5) Importer(815301076,1909f56bfc062723c751e8b465ee728b)
Start importing Assets/Scene/1 Level/NavMesh-NavMesh Surface 4.asset using Guid(b97852b19d2adaf4fba07a4cc3b80bc5) Importer(815301076,1909f56bfc062723c751e8b465ee728b)  -> (artifact id: 'c6dbc0bc42e9ace43c8d4cb4a8c4e3f5') in 0.001646 seconds
Number of updated asset objects reloaded before import = 0
Number of asset objects unloaded after import = 1
========================================================================
Received Import Request.
  Time since last request: 21.473411 seconds.
  path: Assets/scripts/camera.cs
  artifactKey: Guid(9c0647b4197a20f4abe61abb0304628f) Importer(815301076,1909f56bfc062723c751e8b465ee728b)
Start importing Assets/scripts/camera.cs using Guid(9c0647b4197a20f4abe61abb0304628f) Importer(815301076,1909f56bfc062723c751e8b465ee728b)  -> (artifact id: 'd9131fd14ad344b31363fcd715f4b877') in 0.000712 seconds
Number of updated asset objects reloaded before import = 0
Number of asset objects unloaded after import = 0
========================================================================
Received Import Request.
  Time since last request: 259.299409 seconds.
  path: Assets/models
  artifactKey: Guid(311444b8984488546a494eb75dae3f7e) Importer(815301076,1909f56bfc062723c751e8b465ee728b)
Start importing Assets/models using Guid(311444b8984488546a494eb75dae3f7e) Importer(815301076,1909f56bfc062723c751e8b465ee728b)  -> (artifact id: '0c85c895c2e7abf435d2bd3b89202c54') in 0.000925 seconds
Number of updated asset objects reloaded before import = 0
Number of asset objects unloaded after import = 0
========================================================================
Received Import Request.
  Time since last request: 93.676295 seconds.
  path: Assets/Effects
  artifactKey: Guid(384075a636b512b47ad02f7fb463d016) Importer(815301076,1909f56bfc062723c751e8b465ee728b)
Start importing Assets/Effects using Guid(384075a636b512b47ad02f7fb463d016) Importer(815301076,1909f56bfc062723c751e8b465ee728b)  -> (artifact id: '44e86648fa224abf185b50edac0ce3f9') in 0.000668 seconds
Number of updated asset objects reloaded before import = 0
Number of asset objects unloaded after import = 0
========================================================================
Received Prepare
Refreshing native plugins compatible for Editor in 1.74 ms, found 3 plugins.
Preloading 0 native plugins for Editor in 0.00 ms.
Unloading 0 Unused Serialized files (Serialized files now loaded: 0)
Unloading 0 unused Assets / (0 B). Loaded Objects now: 3709.
Memory consumption went from 94.2 MB to 94.2 MB.
Total: 3.443700 ms (FindLiveObjects: 0.254200 ms CreateObjectMapping: 0.099600 ms MarkObjects: 3.081700 ms  DeleteObjects: 0.006500 ms)

Prepare: number of updated asset objects reloaded= 0
AssetImportParameters requested are different than current active one (requested -> active):
  custom:container-demuxer-ogg: 62fdf1f143b41e24485cea50d1cbac27 -> 
  custom:video-codec-MediaFoundation-h265: 746d11721c4dcdbdad8f713fa42b33f4 -> 
  custom:video-decoder-ogg-theora: a1e56fd34408186e4bbccfd4996cb3dc -> 
  custom:framework-win-MediaFoundation: 216162199b28c13a410421893ffa2e32 -> 
  custom:CustomObjectIndexerAttribute: 6d391050e5a25f67b0a2c618074f2cd9 -> 
  custom:container-demuxer-webm: 4f35f7cbe854078d1ac9338744f61a02 -> 
  custom:container-muxer-webm: aa71ff27fc2769a1b78a27578f13a17b -> 
  custom:video-decoder-webm-vp8: 9c59270c3fd7afecdb556c50c9e8de78 -> 
  custom:SearchIndexIgnoredProperties: e643bd26f0fe6173181afceb89e7c659 -> 
  custom:AudioImporter_EditorPlatform: d09bf68614088b80899f8185d706f6e7 -> 
  custom:video-encoder-webm-vp8: eb34c28f22e8b96e1ab97ce403110664 -> 
  custom:audio-decoder-ogg-vorbis: bf7c407c2cedff20999df2af8eb42d56 -> 
  custom:audio-encoder-webm-vorbis: bf7c407c2cedff20999df2af8eb42d56 -> 
